<?xml version="1.0" encoding="UTF-8"?>
<!-- Generated by org.testng.reporters.JUnitXMLReporter -->
<testsuite ignored="6" hostname="DESKTOP-OC8SAEU" failures="2" tests="6" name="TestGuruChrome" time="64.486" errors="0" timestamp="2023-01-11T23:34:22 GMT">
  <testcase classname="com.myguruproject.testCases.TC_LoginTest_001" name="loginTest" time="9.152"/>
  <testcase classname="com.myguruproject.testCases.TC_LoginDDT_002" name="loginDDT" time="4.771">
    <failure type="java.lang.AssertionError" message="expected [true] but found [false]">
      <![CDATA[java.lang.AssertionError: expected [true] but found [false]
at com.myguruproject.testCases.TC_LoginDDT_002.loginDDT(TC_LoginDDT_002.java:40)
at java.base/java.util.ArrayList.forEach(ArrayList.java:1511)
... Removed 29 stack frames]]>
    </failure>
  </testcase> <!-- loginDDT -->
  <testcase classname="com.myguruproject.testCases.TC_LoginDDT_002" name="loginDDT" time="4.76">
    <failure type="java.lang.AssertionError" message="expected [true] but found [false]">
      <![CDATA[java.lang.AssertionError: expected [true] but found [false]
at com.myguruproject.testCases.TC_LoginDDT_002.loginDDT(TC_LoginDDT_002.java:40)
at java.base/java.util.ArrayList.forEach(ArrayList.java:1511)
... Removed 29 stack frames]]>
    </failure>
  </testcase> <!-- loginDDT -->
  <testcase classname="com.myguruproject.testCases.TC_LoginDDT_002" name="loginDDT" time="9.881"/>
  <testcase classname="com.myguruproject.testCases.TC_HomePage_003" name="verifyHomePage" time="7.392"/>
  <testcase classname="com.myguruproject.testCases.TC_AddCustomerTest_004" name="addNewCustomer" time="10.269"/>
  <testcase classname="com.myguruproject.testCases.BaseClass" name="@AfterSuite generateExtentReports" time="0.0">
    <ignored/>
  </testcase> <!-- @AfterSuite generateExtentReports -->
  <testcase classname="com.myguruproject.testCases.BaseClass" name="@BeforeSuite initialiseExtentReport" time="0.0">
    <ignored/>
  </testcase> <!-- @BeforeSuite initialiseExtentReport -->
  <testcase classname="com.myguruproject.testCases.BaseClass" name="@AfterSuite generateExtentReports" time="0.0">
    <ignored/>
  </testcase> <!-- @AfterSuite generateExtentReports -->
  <testcase classname="com.myguruproject.testCases.BaseClass" name="@AfterSuite generateExtentReports" time="0.0">
    <ignored/>
  </testcase> <!-- @AfterSuite generateExtentReports -->
  <testcase classname="com.myguruproject.testCases.BaseClass" name="@BeforeSuite initialiseExtentReport" time="0.0">
    <ignored/>
  </testcase> <!-- @BeforeSuite initialiseExtentReport -->
  <testcase classname="com.myguruproject.testCases.BaseClass" name="@BeforeSuite initialiseExtentReport" time="0.0">
    <ignored/>
  </testcase> <!-- @BeforeSuite initialiseExtentReport -->
</testsuite> <!-- TestGuruChrome -->
